<?xml version="1.0" encoding="UTF-8"?>
<!-- Generated by org.testng.reporters.JUnitXMLReporter -->
<testsuite ignored="0" hostname="Ascent-Abdul" failures="0" tests="3" name="Submit Order Test" time="43.174" errors="0" timestamp="2025-03-12T16:30:48 AST">
  <testcase classname="ascentBusiness.SubmitOrderTest" name="submitOrderTest" time="26.933"/>
  <testcase classname="ascentBusiness.StandAloneCode" name="standAloneCode" time="37.406"/>
  <testcase classname="ascentBusiness.SubmitOrderTest" name="submitOrderTest" time="15.799"/>
</testsuite> <!-- Submit Order Test -->
