<?xml version="1.0" encoding="UTF-8"?>
<testng-results ignored="0" total="2" passed="2" failed="0" skipped="0">
  <reporter-output>
  </reporter-output>
  <suite started-at="2025-03-15T15:12:00 AST" name="Suite" finished-at="2025-03-15T15:12:19 AST" duration-ms="18587">
    <groups>
    </groups>
    <test started-at="2025-03-15T15:12:00 AST" name="Submit Order Test" finished-at="2025-03-15T15:12:19 AST" duration-ms="18587">
      <class name="ascentBusiness.SubmitOrderTest">
        <test-method signature="submitOrderTest(java.util.HashMap)[pri:0, instance:ascentBusiness.SubmitOrderTest@72c8e7b]" started-at="2025-03-15T15:12:00 AST" name="submitOrderTest" data-provider="getLoginData1" finished-at="2025-03-15T15:12:09 AST" duration-ms="8599" status="PASS">
          <params>
            <param index="0">
              <value>
                <![CDATA[{productName=ADIDAS ORIGINAL, UserName=anshika@gmail.com, Password=Iamking@000}]]>
              </value>
            </param>
          </params>
          <reporter-output>
          </reporter-output>
        </test-method> <!-- submitOrderTest -->
        <test-method signature="submitOrderTest(java.util.HashMap)[pri:0, instance:ascentBusiness.SubmitOrderTest@72c8e7b]" started-at="2025-03-15T15:12:09 AST" name="submitOrderTest" data-provider="getLoginData1" finished-at="2025-03-15T15:12:18 AST" duration-ms="9750" status="PASS">
          <params>
            <param index="0">
              <value>
                <![CDATA[{productName=ZARA COAT 3, UserName=shetty@gmail.com, Password=Iamking@000}]]>
              </value>
            </param>
          </params>
          <reporter-output>
          </reporter-output>
        </test-method> <!-- submitOrderTest -->
        <test-method is-config="true" signature="tearDown()[pri:0, instance:ascentBusiness.SubmitOrderTest@72c8e7b]" started-at="2025-03-15T15:12:18 AST" name="tearDown" finished-at="2025-03-15T15:12:19 AST" duration-ms="121" status="PASS">
          <reporter-output>
          </reporter-output>
        </test-method> <!-- tearDown -->
      </class> <!-- ascentBusiness.SubmitOrderTest -->
    </test> <!-- Submit Order Test -->
  </suite> <!-- Suite -->
</testng-results>
